0 info it worked if it ends with ok
1 verbose cli [ 'node', '/usr/local/bin/npm', 'install', '.bin', '--save' ]
2 info using npm@1.3.11
3 info using node@v0.10.21
4 warn package.json @ No description
5 warn package.json @ No repository field.
6 warn package.json @ No README data
7 verbose readDependencies using package.json deps
8 verbose cache add [ '.bin', null ]
9 verbose cache add name=undefined spec=".bin" args=[".bin",null]
10 verbose parsed url { protocol: null,
10 verbose parsed url   slashes: null,
10 verbose parsed url   auth: null,
10 verbose parsed url   host: null,
10 verbose parsed url   port: null,
10 verbose parsed url   hostname: null,
10 verbose parsed url   hash: null,
10 verbose parsed url   search: null,
10 verbose parsed url   query: null,
10 verbose parsed url   pathname: '.bin',
10 verbose parsed url   path: '.bin',
10 verbose parsed url   href: '.bin' }
11 silly lockFile 2cb293c6-bin .bin
12 verbose lock .bin /Users/student/.npm/2cb293c6-bin.lock
13 silly lockFile 2cb293c6-bin .bin
14 silly lockFile 2cb293c6-bin .bin
15 error addLocal Could not install .bin
16 error Error: ENOENT, stat '.bin'
17 error If you need help, you may report this log at:
17 error     <http://github.com/isaacs/npm/issues>
17 error or email it to:
17 error     <npm-@googlegroups.com>
18 error System Darwin 13.2.0
19 error command "node" "/usr/local/bin/npm" "install" ".bin" "--save"
20 error cwd /Users/student/projects/final
21 error node -v v0.10.21
22 error npm -v 1.3.11
23 error path .bin
24 error code ENOENT
25 error errno 34
26 verbose exit [ 34, true ]
